  main.cpp
C:\Users\21355\Desktop\c++ files\sfml environment\neural_net_sol\neural_net\header\network.h(172,13): warning C4267: 'initializing': conversion from 'size_t' to 'int', possible loss of data
  (compiling source file 'source/main.cpp')
  
C:\Users\21355\Desktop\c++ files\sfml environment\neural_net_sol\neural_net\source\main.cpp(210,20): warning C4244: 'argument': conversion from 'float' to 'unsigned int', possible loss of data
C:\Users\21355\Desktop\c++ files\sfml environment\neural_net_sol\neural_net\source\main.cpp(210,13): warning C4244: 'argument': conversion from 'float' to 'unsigned int', possible loss of data
C:\Users\21355\Desktop\c++ files\sfml environment\neural_net_sol\neural_net\source\main.cpp(363,83): warning C4244: 'argument': conversion from '_Ty' to 'float', possible loss of data
C:\Users\21355\Desktop\c++ files\sfml environment\neural_net_sol\neural_net\source\main.cpp(363,83): warning C4244:         with
C:\Users\21355\Desktop\c++ files\sfml environment\neural_net_sol\neural_net\source\main.cpp(363,83): warning C4244:         [
C:\Users\21355\Desktop\c++ files\sfml environment\neural_net_sol\neural_net\source\main.cpp(363,83): warning C4244:             _Ty=double
C:\Users\21355\Desktop\c++ files\sfml environment\neural_net_sol\neural_net\source\main.cpp(363,83): warning C4244:         ]
C:\Users\21355\Desktop\c++ files\sfml environment\neural_net_sol\neural_net\source\main.cpp(363,49): warning C4244: 'argument': conversion from '_Ty' to 'float', possible loss of data
C:\Users\21355\Desktop\c++ files\sfml environment\neural_net_sol\neural_net\source\main.cpp(363,49): warning C4244:         with
C:\Users\21355\Desktop\c++ files\sfml environment\neural_net_sol\neural_net\source\main.cpp(363,49): warning C4244:         [
C:\Users\21355\Desktop\c++ files\sfml environment\neural_net_sol\neural_net\source\main.cpp(363,49): warning C4244:             _Ty=double
C:\Users\21355\Desktop\c++ files\sfml environment\neural_net_sol\neural_net\source\main.cpp(363,49): warning C4244:         ]
  Generating code
  Previous IPDB not found, fall back to full compilation.
  All 484 functions were compiled because no usable IPDB/IOBJ from previous compilation was found.
  Finished generating code
  neural_net.vcxproj -> C:\Users\21355\Desktop\c++ files\sfml environment\neural_net_sol\x64\Release\neural_net.exe
